TN:
SF:src/app/list-devices.ts
FN:8,listDevices
FN:15,(anonymous_1)
FNF:2
FNH:2
FNDA:2,listDevices
FNDA:2,(anonymous_1)
DA:11,2
DA:12,2
DA:13,1
DA:15,2
DA:23,1
LF:5
LH:5
BRDA:25,0,0,1
BRDA:25,0,1,0
BRF:2
BRH:1
end_of_record
TN:
SF:src/domain/device.ts
FN:16,(anonymous_0)
FN:30,(anonymous_1)
FN:37,(anonymous_2)
FNF:3
FNH:3
FNDA:7,(anonymous_0)
FNDA:1,(anonymous_1)
FNDA:2,(anonymous_2)
DA:17,7
DA:18,1
DA:20,6
DA:21,1
DA:24,5
DA:25,5
DA:26,5
DA:27,5
DA:31,1
DA:32,0
DA:34,1
DA:38,2
DA:39,0
DA:41,2
DA:42,1
DA:44,1
LF:16
LH:14
BRDA:17,0,0,1
BRDA:17,0,1,6
BRDA:17,1,0,7
BRDA:17,1,1,6
BRDA:20,2,0,1
BRDA:20,2,1,5
BRDA:31,3,0,0
BRDA:31,3,1,1
BRDA:38,4,0,0
BRDA:38,4,1,2
BRDA:41,5,0,1
BRDA:41,5,1,1
BRF:12
BRH:10
end_of_record
TN:
SF:src/infra/fake-device-repo.ts
FN:12,(anonymous_0)
FN:13,(anonymous_1)
FN:16,(anonymous_2)
FN:20,(anonymous_3)
FNF:4
FNH:3
FNDA:1,(anonymous_0)
FNDA:2,(anonymous_1)
FNDA:1,(anonymous_2)
FNDA:0,(anonymous_3)
DA:10,1
DA:13,2
DA:17,1
DA:21,0
LF:4
LH:3
BRDA:12,0,0,1
BRF:1
BRH:1
end_of_record
